<?xml version="1.0" encoding="UTF-8"?>
<!-- Generated by org.testng.reporters.JUnitXMLReporter -->
<testsuite hostname="prasanna" ignored="0" name="TestTwo" tests="3" failures="1" timestamp="11 Jul 2019 02:37:57 GMT" time="2.716" errors="0">
  <testcase name="miNoteSeven" time="1.712" classname="com.maven.test.GoogleSearch"/>
  <testcase name="logoTitle" time="0.047" classname="com.maven.test.GoogleSearch">
    <failure type="com.google.common.base.VerifyException">
      <![CDATA[com.google.common.base.VerifyException
at com.google.common.base.Verify.verify(Verify.java:99)
at com.maven.test.GoogleSearch.logoTitle(GoogleSearch.java:73)
... Removed 25 stack frames]]>
    </failure>
  </testcase> <!-- logoTitle -->
  <testcase name="performAction" time="0.001" classname="com.maven.test.GoogleSearch">
    <skipped/>
  </testcase> <!-- performAction -->
</testsuite> <!-- TestTwo -->
