<?xml version="1.0" encoding="UTF-8"?>
<testng-results skipped="0" failed="0" ignored="0" total="1" passed="1">
  <reporter-output>
  </reporter-output>
  <suite name="Default suite" duration-ms="42491" started-at="2019-07-16T02:04:59Z" finished-at="2019-07-16T02:05:42Z">
    <groups>
    </groups>
    <test name="Default test" duration-ms="42491" started-at="2019-07-16T02:04:59Z" finished-at="2019-07-16T02:05:42Z">
      <class name="com.maven.test.WindowHandle">
        <test-method status="PASS" signature="launchBrowser()[pri:0, instance:com.maven.test.WindowHandle@f6c48ac]" name="launchBrowser" is-config="true" duration-ms="1527" started-at="2019-07-16T02:04:58Z" finished-at="2019-07-16T02:04:59Z">
          <reporter-output>
          </reporter-output>
        </test-method> <!-- launchBrowser -->
        <test-method status="PASS" signature="windowHandles()[pri:0, instance:com.maven.test.WindowHandle@f6c48ac]" name="windowHandles" duration-ms="42464" started-at="2019-07-16T02:04:59Z" finished-at="2019-07-16T02:05:42Z">
          <reporter-output>
          </reporter-output>
        </test-method> <!-- windowHandles -->
      </class> <!-- com.maven.test.WindowHandle -->
    </test> <!-- Default test -->
  </suite> <!-- Default suite -->
</testng-results>
